C:\Program Files\Microsoft Visual Studio\2022\Community\MSBuild\Microsoft\VC\v170\Microsoft.CppBuild.targets(538,5): warning MSB8028: The intermediate directory (x64\Debug\) contains files shared from another project (TransactionsMenu.vcxproj).  This can lead to incorrect clean and rebuild behavior.
  TransactionsMenu.cpp
D:\Not important\cmder\MyProjects\Bank System - cpp\TransactionsMenu\clsString.h(37,25): warning C4267: 'return': conversion from 'size_t' to 'short', possible loss of data
  (compiling source file 'TransactionsMenu.cpp')
  
D:\Not important\cmder\MyProjects\Bank System - cpp\TransactionsMenu\clsString.h(42,29): warning C4267: 'return': conversion from 'size_t' to 'short', possible loss of data
  (compiling source file 'TransactionsMenu.cpp')
  
D:\Not important\cmder\MyProjects\Bank System - cpp\TransactionsMenu\clsString.h(54,30): warning C4267: '=': conversion from 'size_t' to 'short', possible loss of data
  (compiling source file 'TransactionsMenu.cpp')
  
D:\Not important\cmder\MyProjects\Bank System - cpp\TransactionsMenu\clsString.h(191,29): warning C4267: 'return': conversion from 'size_t' to 'short', possible loss of data
  (compiling source file 'TransactionsMenu.cpp')
  
D:\Not important\cmder\MyProjects\Bank System - cpp\TransactionsMenu\clsString.h(317,30): warning C4267: '=': conversion from 'size_t' to 'short', possible loss of data
  (compiling source file 'TransactionsMenu.cpp')
  
D:\Not important\cmder\MyProjects\Bank System - cpp\TransactionsMenu\clsString.h(363,22): warning C4267: 'initializing': conversion from 'size_t' to 'short', possible loss of data
  (compiling source file 'TransactionsMenu.cpp')
  
D:\Not important\cmder\MyProjects\Bank System - cpp\TransactionsMenu\clsUtil.h(64,5): warning C4102: 'defualt': unreferenced label
  (compiling source file 'TransactionsMenu.cpp')
  
D:\Not important\cmder\MyProjects\Bank System - cpp\TransactionsMenu\clsUser.h(189,12): warning C4240: nonstandard extension used: access to 'clsUser::stLoginRegisterRecord' now defined to be 'public', previously it was defined to be 'private'
  (compiling source file 'TransactionsMenu.cpp')
      D:\Not important\cmder\MyProjects\Bank System - cpp\TransactionsMenu\clsUser.h(26,12):
      see declaration of 'clsUser::stLoginRegisterRecord'
  
D:\Not important\cmder\MyProjects\Bank System - cpp\TransactionsMenu\clsBankClient.h(43,65): warning C4244: 'argument': conversion from 'double' to 'float', possible loss of data
  (compiling source file 'TransactionsMenu.cpp')
  
D:\Not important\cmder\MyProjects\Bank System - cpp\TransactionsMenu\clsBankClient.h(368,16): warning C4244: 'return': conversion from 'double' to 'float', possible loss of data
  (compiling source file 'TransactionsMenu.cpp')
  
D:\Not important\cmder\MyProjects\Bank System - cpp\TransactionsMenu\clsBankClient.h(373,28): warning C4244: '+=': conversion from 'double' to 'float', possible loss of data
  (compiling source file 'TransactionsMenu.cpp')
  
D:\Not important\cmder\MyProjects\Bank System - cpp\TransactionsMenu\clsBankClient.h(385,32): warning C4244: '-=': conversion from 'double' to 'float', possible loss of data
  (compiling source file 'TransactionsMenu.cpp')
  
D:\Not important\cmder\MyProjects\Bank System - cpp\TransactionsMenu\clsTotalBalancesScreen.h(57,87): warning C4244: 'argument': conversion from 'double' to 'int', possible loss of data
  (compiling source file 'TransactionsMenu.cpp')
  
D:\Not important\cmder\MyProjects\Bank System - cpp\TransactionsMenu\clsTransferScreen.h(68,30): warning C4244: 'argument': conversion from 'double' to 'float', possible loss of data
  (compiling source file 'TransactionsMenu.cpp')
  
D:\Not important\cmder\MyProjects\Bank System - cpp\TransactionsMenu\clsCurrency.h(27,17): warning C4244: 'argument': conversion from 'double' to 'float', possible loss of data
  (compiling source file 'TransactionsMenu.cpp')
  
D:\Not important\cmder\MyProjects\Bank System - cpp\TransactionsMenu\clsBankClient.h(324,1): warning C4715: 'clsBankClient::Save': not all control paths return a value
D:\Not important\cmder\MyProjects\Bank System - cpp\TransactionsMenu\clsUser.h(337,1): warning C4715: 'clsUser::Save': not all control paths return a value
  TransactionsMenu.vcxproj -> D:\Not important\cmder\MyProjects\Bank System - cpp\x64\Debug\Bank Project.exe
